2025-05-05 13:26:14,026 - DataLoader - INFO - Loading train dataset from: ./data\aug\train
2025-05-05 13:26:17,482 - DataLoader - INFO - Loading training dataset (286944 images)
2025-05-05 13:51:53,680 - DataLoader - INFO - Loading train dataset from: ./data\aug\train
2025-05-05 13:51:56,582 - DataLoader - INFO - Loading training dataset (286944 images)
2025-05-05 15:18:23,246 - DataLoader - INFO - Loading train dataset from: ./data\aug\train
2025-05-05 15:18:25,997 - DataLoader - INFO - Loading training dataset (286944 images)
2025-05-05 15:30:43,148 - DataLoader - INFO - Loading train dataset from: ./data\aug\train
2025-05-05 15:30:46,007 - DataLoader - INFO - Loading training dataset (286944 images)
2025-05-05 16:09:42,561 - DataLoader - INFO - Loading train dataset from: ./data\aug\train
2025-05-05 16:09:45,430 - DataLoader - INFO - Loading training dataset (275304 images)
2025-05-05 17:04:53,610 - DataLoader - INFO - Loading train dataset from: ./data\aug\train
2025-05-05 17:04:56,333 - DataLoader - INFO - Loading training dataset (286944 images)
2025-05-05 17:33:15,715 - DataLoader - INFO - Loading train dataset from: ./data\aug\train
2025-05-05 17:33:18,653 - DataLoader - INFO - Loading training dataset (286944 images)
2025-05-05 17:35:34,176 - DataLoader - INFO - Loading train dataset from: ./data\aug\train
2025-05-05 17:35:41,527 - DataLoader - INFO - Loading training dataset (286944 images)
2025-08-04 15:25:42,232 - DataLoader - INFO - Loading train dataset from: ./data/merged_train/
2025-08-04 15:25:43,404 - DataLoader - INFO - Loading train dataset (313760 images)
2025-08-04 15:28:47,470 - DataLoader - INFO - Loading val dataset from: ./data\val
2025-08-04 15:28:47,507 - DataLoader - INFO - Loading val dataset (9078 images)
2025-08-04 15:52:44,981 - DataLoader - INFO - Loading train dataset from: ./data/merged_train/
2025-08-04 15:52:47,677 - DataLoader - INFO - Loading train dataset (313760 images)
2025-08-04 15:53:43,448 - DataLoader - INFO - Loading train dataset from: ./data/merged_train/
2025-08-04 15:53:44,599 - DataLoader - INFO - Loading train dataset (313760 images)
2025-08-04 15:54:01,467 - DataLoader - INFO - Loading train dataset from: ./data/merged_train/
2025-08-04 15:54:02,579 - DataLoader - INFO - Loading train dataset (313760 images)
2025-08-04 15:55:04,826 - DataLoader - INFO - Loading train dataset from: ./data/merged_train/
2025-08-04 15:55:05,952 - DataLoader - INFO - Loading train dataset (313760 images)
2025-08-04 15:55:24,590 - DataLoader - INFO - Loading train dataset from: ./data/merged_train/
2025-08-04 15:55:25,653 - DataLoader - INFO - Loading train dataset (313760 images)
2025-08-04 15:57:34,758 - DataLoader - INFO - Loading val dataset from: ./data\val
2025-08-04 15:57:34,792 - DataLoader - INFO - Loading val dataset (9078 images)
2025-08-04 16:00:39,921 - DataLoader - INFO - Loading train dataset from: ./data/merged_train/
2025-08-04 16:00:41,332 - DataLoader - INFO - Loading train dataset (313760 images)
2025-08-04 16:01:02,459 - DataLoader - INFO - Loading val dataset from: ./data\val
2025-08-04 16:01:02,496 - DataLoader - INFO - Loading val dataset (9078 images)
2025-08-05 09:40:53,772 - DataLoader - INFO - Loading train dataset from: ./data/merged_train/
2025-08-05 09:40:54,847 - DataLoader - INFO - Loading train dataset (313760 images)
2025-08-05 09:46:07,796 - DataLoader - INFO - Loading val dataset from: ./data\val
2025-08-05 09:46:07,904 - DataLoader - INFO - Loading val dataset (9078 images)
